<?xml version="1.0" encoding="UTF-8"?>
<testsuite name="ometa.OMetaGroovyRunnerSpec" tests="3" skipped="0" failures="0" errors="0" timestamp="2016-03-15T03:48:10" hostname="helton" time="1.089">
  <properties/>
  <testcase name="the script name was set" classname="ometa.OMetaGroovyRunnerSpec" time="0.193"/>
  <testcase name="can read a script content" classname="ometa.OMetaGroovyRunnerSpec" time="0.127"/>
  <testcase name="can identify parser name and body" classname="ometa.OMetaGroovyRunnerSpec" time="0.768"/>
  <system-out><![CDATA[]]></system-out>
  <system-err><![CDATA[]]></system-err>
</testsuite>
