<?xml version="1.0" encoding="UTF-8"?>
<testsuite name="ometa.OMetaGroovyRunnerSpec" tests="3" skipped="0" failures="0" errors="0" timestamp="2016-03-16T01:54:39" hostname="helton" time="1.784">
  <properties/>
  <testcase name="can identify parser name and body" classname="ometa.OMetaGroovyRunnerSpec" time="1.68"/>
  <testcase name="can read single naive assignment" classname="ometa.OMetaGroovyRunnerSpec" time="0.059"/>
  <testcase name="can read multiple naive assignments" classname="ometa.OMetaGroovyRunnerSpec" time="0.045"/>
  <system-out><![CDATA[]]></system-out>
  <system-err><![CDATA[]]></system-err>
</testsuite>
